device: cpu
train size:	8500
val size:	1500
[   0.48 min] Gen   1/300 | best_fit=2.33087  avg_fit=3.83230 | best_h=75  avg_h=74.7
[   0.69 min] Gen   2/300 | best_fit=2.33087  avg_fit=3.58158 | best_h=75  avg_h=74.4
[   0.91 min] Gen   3/300 | best_fit=2.33087  avg_fit=3.22250 | best_h=75  avg_h=74.2
[   1.15 min] Gen   4/300 | best_fit=2.33087  avg_fit=3.06576 | best_h=75  avg_h=73.7
[   1.43 min] Gen   5/300 | best_fit=2.18375  avg_fit=2.96093 | best_h=70  avg_h=73.4
[   1.69 min] Gen   6/300 | best_fit=1.73618  avg_fit=2.77899 | best_h=70  avg_h=72.5
[   1.88 min] Gen   7/300 | best_fit=1.56117  avg_fit=2.09203 | best_h=68  avg_h=70.1
[   2.10 min] Gen   8/300 | best_fit=1.35606  avg_fit=1.78662 | best_h=69  avg_h=69.6
[   2.31 min] Gen   9/300 | best_fit=1.29350  avg_fit=1.76794 | best_h=66  avg_h=68.6
[   2.52 min] Gen  10/300 | best_fit=1.19808  avg_fit=1.45450 | best_h=65  avg_h=68.4
[   2.76 min] Gen  11/300 | best_fit=1.07675  avg_fit=1.39377 | best_h=69  avg_h=66.3
[   2.96 min] Gen  12/300 | best_fit=0.91259  avg_fit=1.37224 | best_h=62  avg_h=65.5
[   3.16 min] Gen  13/300 | best_fit=0.87052  avg_fit=1.34323 | best_h=59  avg_h=64.3
[   3.35 min] Gen  14/300 | best_fit=0.87052  avg_fit=1.08959 | best_h=59  avg_h=62.2
[   3.54 min] Gen  15/300 | best_fit=0.73861  avg_fit=1.07698 | best_h=62  avg_h=60.2
[   3.72 min] Gen  16/300 | best_fit=0.73861  avg_fit=0.95055 | best_h=62  avg_h=59.3
[   3.90 min] Gen  17/300 | best_fit=0.67982  avg_fit=1.20511 | best_h=57  avg_h=59.9
[   4.08 min] Gen  18/300 | best_fit=0.62682  avg_fit=0.90468 | best_h=61  avg_h=59.5
[   4.28 min] Gen  19/300 | best_fit=0.57146  avg_fit=0.96150 | best_h=58  avg_h=58.3
[   4.50 min] Gen  20/300 | best_fit=0.57146  avg_fit=0.72175 | best_h=58  avg_h=58.9
[   4.69 min] Gen  21/300 | best_fit=0.52248  avg_fit=0.87649 | best_h=61  avg_h=58.2
[   4.89 min] Gen  22/300 | best_fit=0.47888  avg_fit=0.68448 | best_h=57  avg_h=57.9
[   5.08 min] Gen  23/300 | best_fit=0.45917  avg_fit=0.71717 | best_h=54  avg_h=57.9
[   5.27 min] Gen  24/300 | best_fit=0.39210  avg_fit=1.58213 | best_h=54  avg_h=56.7
[   5.45 min] Gen  25/300 | best_fit=0.38393  avg_fit=0.44140 | best_h=53  avg_h=54.9
[   5.66 min] Gen  26/300 | best_fit=0.34545  avg_fit=0.40580 | best_h=53  avg_h=53.5
[   5.85 min] Gen  27/300 | best_fit=0.31886  avg_fit=0.39902 | best_h=50  avg_h=53.1
[   6.00 min] Gen  28/300 | best_fit=0.28606  avg_fit=0.60475 | best_h=50  avg_h=52.0
[   6.16 min] Gen  29/300 | best_fit=0.27069  avg_fit=0.34119 | best_h=50  avg_h=50.8
[   6.31 min] Gen  30/300 | best_fit=0.27069  avg_fit=0.37287 | best_h=50  avg_h=50.5
[   6.46 min] Gen  31/300 | best_fit=0.27016  avg_fit=1.41609 | best_h=50  avg_h=50.6
[   6.61 min] Gen  32/300 | best_fit=0.26888  avg_fit=0.32578 | best_h=49  avg_h=50.0
[   6.76 min] Gen  33/300 | best_fit=0.24741  avg_fit=0.90535 | best_h=49  avg_h=49.5
[   6.91 min] Gen  34/300 | best_fit=0.24741  avg_fit=0.93938 | best_h=49  avg_h=49.3
[   7.06 min] Gen  35/300 | best_fit=0.23132  avg_fit=1.05907 | best_h=48  avg_h=49.0
[   7.21 min] Gen  36/300 | best_fit=0.22665  avg_fit=3.63091 | best_h=48  avg_h=48.2
[   7.35 min] Gen  37/300 | best_fit=0.22581  avg_fit=0.26584 | best_h=47  avg_h=47.7
[   7.50 min] Gen  38/300 | best_fit=0.21464  avg_fit=0.50386 | best_h=47  avg_h=47.6
[   7.64 min] Gen  39/300 | best_fit=0.20703  avg_fit=3.56617 | best_h=47  avg_h=47.3
[   7.78 min] Gen  40/300 | best_fit=0.20703  avg_fit=0.77779 | best_h=47  avg_h=47.1
[   7.93 min] Gen  41/300 | best_fit=0.19110  avg_fit=0.21757 | best_h=46  avg_h=46.7
[   8.08 min] Gen  42/300 | best_fit=0.18762  avg_fit=1.39339 | best_h=46  avg_h=46.2
[   8.23 min] Gen  43/300 | best_fit=0.18762  avg_fit=0.47324 | best_h=46  avg_h=45.2
[   8.38 min] Gen  44/300 | best_fit=0.18762  avg_fit=0.41255 | best_h=46  avg_h=45.4
[   8.54 min] Gen  45/300 | best_fit=0.17117  avg_fit=0.21878 | best_h=46  avg_h=45.6
[   8.70 min] Gen  46/300 | best_fit=0.17117  avg_fit=0.57908 | best_h=46  avg_h=45.5
[   8.88 min] Gen  47/300 | best_fit=0.16415  avg_fit=0.77158 | best_h=46  avg_h=45.9
[   9.03 min] Gen  48/300 | best_fit=0.16415  avg_fit=0.47492 | best_h=46  avg_h=45.7
[   9.27 min] Gen  49/300 | best_fit=0.16005  avg_fit=0.21782 | best_h=45  avg_h=45.7
[   9.49 min] Gen  50/300 | best_fit=0.14702  avg_fit=0.69247 | best_h=45  avg_h=45.3
[   9.71 min] Gen  51/300 | best_fit=0.14336  avg_fit=4.64721 | best_h=44  avg_h=45.5
[   9.93 min] Gen  52/300 | best_fit=0.13636  avg_fit=0.30081 | best_h=44  avg_h=44.8
[  10.12 min] Gen  53/300 | best_fit=0.13636  avg_fit=1.55696 | best_h=44  avg_h=43.6
[  10.30 min] Gen  54/300 | best_fit=0.12918  avg_fit=0.24131 | best_h=42  avg_h=43.7
[  10.50 min] Gen  55/300 | best_fit=0.12051  avg_fit=0.89030 | best_h=42  avg_h=43.2
[  10.75 min] Gen  56/300 | best_fit=0.12051  avg_fit=1.02796 | best_h=42  avg_h=42.2
[  10.93 min] Gen  57/300 | best_fit=0.11347  avg_fit=2.30643 | best_h=42  avg_h=42.2
[  11.11 min] Gen  58/300 | best_fit=0.11347  avg_fit=2.32518 | best_h=42  avg_h=41.3
[  11.28 min] Gen  59/300 | best_fit=0.10703  avg_fit=0.35153 | best_h=42  avg_h=41.5
[  11.46 min] Gen  60/300 | best_fit=0.10405  avg_fit=1.06167 | best_h=41  avg_h=41.9
[  12.21 min] Gen  61/300 | best_fit=0.10405  avg_fit=8.46724 | best_h=41  avg_h=41.0
[  12.39 min] Gen  62/300 | best_fit=0.10405  avg_fit=6.48660 | best_h=41  avg_h=40.8
[  12.56 min] Gen  63/300 | best_fit=0.10405  avg_fit=2.25737 | best_h=41  avg_h=40.7
[  12.73 min] Gen  64/300 | best_fit=0.09976  avg_fit=0.11522 | best_h=41  avg_h=40.6
[  12.89 min] Gen  65/300 | best_fit=0.09976  avg_fit=2.32633 | best_h=41  avg_h=40.9
[  13.07 min] Gen  66/300 | best_fit=0.09976  avg_fit=2.91761 | best_h=41  avg_h=40.8
[  13.24 min] Gen  67/300 | best_fit=0.09470  avg_fit=0.37964 | best_h=41  avg_h=40.7
[  13.43 min] Gen  68/300 | best_fit=0.09470  avg_fit=0.29621 | best_h=41  avg_h=40.8
[  13.71 min] Gen  69/300 | best_fit=0.09470  avg_fit=0.12607 | best_h=41  avg_h=40.5
[  13.89 min] Gen  70/300 | best_fit=0.08998  avg_fit=0.15603 | best_h=41  avg_h=40.4
[  14.10 min] Gen  71/300 | best_fit=0.08998  avg_fit=0.43861 | best_h=41  avg_h=40.6
[  14.35 min] Gen  72/300 | best_fit=0.08741  avg_fit=0.19209 | best_h=40  avg_h=40.7
[  14.60 min] Gen  73/300 | best_fit=0.08298  avg_fit=1.11303 | best_h=40  avg_h=40.0
[  14.84 min] Gen  74/300 | best_fit=0.08298  avg_fit=0.43439 | best_h=40  avg_h=40.2
[  15.10 min] Gen  75/300 | best_fit=0.08298  avg_fit=0.41736 | best_h=40  avg_h=40.0
[  15.35 min] Gen  76/300 | best_fit=0.07880  avg_fit=0.14240 | best_h=40  avg_h=39.7
[  15.61 min] Gen  77/300 | best_fit=0.07880  avg_fit=0.15381 | best_h=40  avg_h=39.5
[  15.86 min] Gen  78/300 | best_fit=0.07495  avg_fit=6.20741 | best_h=40  avg_h=38.8
[  16.10 min] Gen  79/300 | best_fit=0.07495  avg_fit=0.12842 | best_h=40  avg_h=39.9
[  16.34 min] Gen  80/300 | best_fit=0.07495  avg_fit=0.87767 | best_h=40  avg_h=40.0
[  16.58 min] Gen  81/300 | best_fit=0.07495  avg_fit=1.42399 | best_h=40  avg_h=39.3
[  16.80 min] Gen  82/300 | best_fit=0.07495  avg_fit=0.40005 | best_h=40  avg_h=39.9
[  17.03 min] Gen  83/300 | best_fit=0.07058  avg_fit=0.40046 | best_h=40  avg_h=39.9
[  17.28 min] Gen  84/300 | best_fit=0.07058  avg_fit=1.54378 | best_h=40  avg_h=40.1
[  17.53 min] Gen  85/300 | best_fit=0.07058  avg_fit=0.24874 | best_h=40  avg_h=39.6
[  17.77 min] Gen  86/300 | best_fit=0.06188  avg_fit=0.08987 | best_h=40  avg_h=39.6
[  18.12 min] Gen  87/300 | best_fit=0.06188  avg_fit=0.20132 | best_h=40  avg_h=40.0
[  18.42 min] Gen  88/300 | best_fit=0.06188  avg_fit=1.67826 | best_h=40  avg_h=39.6
[  18.66 min] Gen  89/300 | best_fit=0.06188  avg_fit=0.16273 | best_h=40  avg_h=39.2
[  18.90 min] Gen  90/300 | best_fit=0.05873  avg_fit=0.37551 | best_h=40  avg_h=39.6
[  19.14 min] Gen  91/300 | best_fit=0.05873  avg_fit=0.40803 | best_h=40  avg_h=39.9
[  19.38 min] Gen  92/300 | best_fit=0.05873  avg_fit=0.38478 | best_h=40  avg_h=39.5
[  19.63 min] Gen  93/300 | best_fit=0.05459  avg_fit=0.16443 | best_h=40  avg_h=39.7
[  19.86 min] Gen  94/300 | best_fit=0.05459  avg_fit=1.07571 | best_h=40  avg_h=39.5
[  20.08 min] Gen  95/300 | best_fit=0.05312  avg_fit=1.10634 | best_h=39  avg_h=39.9
[  20.32 min] Gen  96/300 | best_fit=0.05204  avg_fit=0.93255 | best_h=40  avg_h=39.2
[  20.56 min] Gen  97/300 | best_fit=0.05204  avg_fit=0.29494 | best_h=40  avg_h=39.4
[  20.80 min] Gen  98/300 | best_fit=0.05204  avg_fit=0.20807 | best_h=40  avg_h=39.7
[  21.05 min] Gen  99/300 | best_fit=0.04928  avg_fit=0.26405 | best_h=40  avg_h=39.5
[  21.29 min] Gen 100/300 | best_fit=0.04928  avg_fit=0.56944 | best_h=40  avg_h=39.6
[  21.51 min] Gen 101/300 | best_fit=0.04670  avg_fit=0.99435 | best_h=40  avg_h=39.8
[  21.77 min] Gen 102/300 | best_fit=0.04535  avg_fit=1.63523 | best_h=39  avg_h=39.9
[  22.00 min] Gen 103/300 | best_fit=0.04535  avg_fit=6.36958 | best_h=39  avg_h=39.2
[  22.22 min] Gen 104/300 | best_fit=0.04478  avg_fit=3.58751 | best_h=40  avg_h=38.7
[  22.46 min] Gen 105/300 | best_fit=0.04291  avg_fit=0.43088 | best_h=39  avg_h=38.8
[  22.69 min] Gen 106/300 | best_fit=0.04291  avg_fit=1.02111 | best_h=39  avg_h=38.6
[  22.90 min] Gen 107/300 | best_fit=0.04291  avg_fit=0.58350 | best_h=39  avg_h=39.1
[  23.13 min] Gen 108/300 | best_fit=0.04080  avg_fit=0.17967 | best_h=39  avg_h=38.3
[  23.36 min] Gen 109/300 | best_fit=0.04080  avg_fit=0.12309 | best_h=39  avg_h=38.5
[  23.60 min] Gen 110/300 | best_fit=0.04080  avg_fit=0.46882 | best_h=39  avg_h=38.5
[  23.84 min] Gen 111/300 | best_fit=0.04080  avg_fit=0.81272 | best_h=39  avg_h=38.8
[  24.09 min] Gen 112/300 | best_fit=0.04080  avg_fit=0.12675 | best_h=39  avg_h=38.9
[  24.33 min] Gen 113/300 | best_fit=0.04080  avg_fit=0.22599 | best_h=39  avg_h=38.8
[  24.59 min] Gen 114/300 | best_fit=0.03692  avg_fit=8.06706 | best_h=39  avg_h=38.6
[  24.84 min] Gen 115/300 | best_fit=0.03692  avg_fit=9.02886 | best_h=39  avg_h=38.4
[  25.06 min] Gen 116/300 | best_fit=0.03692  avg_fit=0.67687 | best_h=39  avg_h=38.4
[  25.31 min] Gen 117/300 | best_fit=0.03420  avg_fit=0.34946 | best_h=39  avg_h=38.8
[  25.56 min] Gen 118/300 | best_fit=0.03420  avg_fit=0.22720 | best_h=39  avg_h=38.8
[  25.81 min] Gen 119/300 | best_fit=0.03420  avg_fit=11.78793 | best_h=39  avg_h=38.1
[  26.07 min] Gen 120/300 | best_fit=0.03099  avg_fit=2.26583 | best_h=39  avg_h=38.7
[  26.33 min] Gen 121/300 | best_fit=0.03099  avg_fit=3.06115 | best_h=39  avg_h=38.4
[  26.59 min] Gen 122/300 | best_fit=0.03099  avg_fit=0.93251 | best_h=39  avg_h=38.5
[  26.84 min] Gen 123/300 | best_fit=0.02901  avg_fit=0.18608 | best_h=39  avg_h=38.5
[  27.09 min] Gen 124/300 | best_fit=0.02901  avg_fit=0.17267 | best_h=39  avg_h=38.6
[  27.33 min] Gen 125/300 | best_fit=0.02901  avg_fit=0.49545 | best_h=39  avg_h=38.5
[  27.58 min] Gen 126/300 | best_fit=0.02901  avg_fit=1.18000 | best_h=39  avg_h=38.2
[  27.82 min] Gen 127/300 | best_fit=0.02755  avg_fit=0.81467 | best_h=39  avg_h=38.4
[  28.06 min] Gen 128/300 | best_fit=0.02755  avg_fit=0.07374 | best_h=39  avg_h=38.6
[  28.31 min] Gen 129/300 | best_fit=0.02755  avg_fit=1.72835 | best_h=39  avg_h=38.5
[  28.56 min] Gen 130/300 | best_fit=0.02546  avg_fit=0.72445 | best_h=39  avg_h=38.8
[  28.80 min] Gen 131/300 | best_fit=0.02546  avg_fit=0.49835 | best_h=39  avg_h=38.5
[  29.05 min] Gen 132/300 | best_fit=0.02546  avg_fit=0.81132 | best_h=39  avg_h=38.9
[  29.29 min] Gen 133/300 | best_fit=0.02417  avg_fit=0.12204 | best_h=39  avg_h=38.8
[  29.53 min] Gen 134/300 | best_fit=0.02417  avg_fit=0.21172 | best_h=39  avg_h=38.4
[  29.78 min] Gen 135/300 | best_fit=0.02417  avg_fit=0.05930 | best_h=39  avg_h=38.7
[  30.03 min] Gen 136/300 | best_fit=0.02417  avg_fit=0.44549 | best_h=39  avg_h=38.8
[  30.28 min] Gen 137/300 | best_fit=0.02417  avg_fit=0.16599 | best_h=39  avg_h=38.0
[  30.52 min] Gen 138/300 | best_fit=0.02310  avg_fit=0.16322 | best_h=39  avg_h=38.5
[  30.77 min] Gen 139/300 | best_fit=0.02310  avg_fit=0.47552 | best_h=39  avg_h=38.0
[  31.02 min] Gen 140/300 | best_fit=0.02310  avg_fit=0.72156 | best_h=39  avg_h=38.7
[  31.28 min] Gen 141/300 | best_fit=0.02136  avg_fit=0.09984 | best_h=39  avg_h=38.3
[  31.53 min] Gen 142/300 | best_fit=0.02136  avg_fit=4.08542 | best_h=39  avg_h=38.4
[  31.81 min] Gen 143/300 | best_fit=0.02136  avg_fit=1.51221 | best_h=39  avg_h=38.6
[  32.09 min] Gen 144/300 | best_fit=0.02136  avg_fit=1.47169 | best_h=39  avg_h=38.8
[  32.36 min] Gen 145/300 | best_fit=0.02035  avg_fit=0.19514 | best_h=39  avg_h=38.7
[  32.63 min] Gen 146/300 | best_fit=0.02035  avg_fit=1.06875 | best_h=39  avg_h=38.7
[  32.91 min] Gen 147/300 | best_fit=0.02035  avg_fit=0.07212 | best_h=39  avg_h=38.7
[  33.18 min] Gen 148/300 | best_fit=0.01853  avg_fit=0.10179 | best_h=39  avg_h=38.6
[  33.48 min] Gen 149/300 | best_fit=0.01853  avg_fit=0.67544 | best_h=39  avg_h=39.1
[  33.80 min] Gen 150/300 | best_fit=0.01853  avg_fit=3.49834 | best_h=39  avg_h=38.5
[  34.26 min] Gen 151/300 | best_fit=0.01853  avg_fit=0.87693 | best_h=39  avg_h=38.8
[  34.48 min] Gen 152/300 | best_fit=0.01766  avg_fit=1.61353 | best_h=39  avg_h=38.6
[  34.69 min] Gen 153/300 | best_fit=0.01766  avg_fit=0.12842 | best_h=39  avg_h=38.7
[  34.87 min] Gen 154/300 | best_fit=0.01766  avg_fit=6.28404 | best_h=39  avg_h=38.9
[  35.09 min] Gen 155/300 | best_fit=0.01682  avg_fit=0.60390 | best_h=39  avg_h=39.0
[  35.27 min] Gen 156/300 | best_fit=0.01682  avg_fit=0.49232 | best_h=39  avg_h=38.8
[  35.44 min] Gen 157/300 | best_fit=0.01682  avg_fit=0.63402 | best_h=39  avg_h=38.8
[  35.61 min] Gen 158/300 | best_fit=0.01682  avg_fit=0.59835 | best_h=39  avg_h=38.5
[  35.79 min] Gen 159/300 | best_fit=0.01537  avg_fit=0.10261 | best_h=39  avg_h=38.7
[  35.96 min] Gen 160/300 | best_fit=0.01537  avg_fit=0.54383 | best_h=39  avg_h=38.8
[  36.14 min] Gen 161/300 | best_fit=0.01469  avg_fit=0.82861 | best_h=39  avg_h=38.5
[  36.31 min] Gen 162/300 | best_fit=0.01469  avg_fit=0.73758 | best_h=39  avg_h=37.8
[  36.48 min] Gen 163/300 | best_fit=0.01469  avg_fit=0.03542 | best_h=39  avg_h=38.8
[  36.65 min] Gen 164/300 | best_fit=0.01364  avg_fit=0.47709 | best_h=39  avg_h=38.4
[  36.82 min] Gen 165/300 | best_fit=0.01364  avg_fit=1.21208 | best_h=39  avg_h=38.4
[  37.00 min] Gen 166/300 | best_fit=0.01364  avg_fit=0.60670 | best_h=39  avg_h=38.8
[  37.21 min] Gen 167/300 | best_fit=0.01289  avg_fit=3.13185 | best_h=39  avg_h=38.5
[  37.44 min] Gen 168/300 | best_fit=0.01289  avg_fit=4.16106 | best_h=39  avg_h=38.8
[  37.66 min] Gen 169/300 | best_fit=0.01191  avg_fit=11.21792 | best_h=39  avg_h=38.8
[  37.86 min] Gen 170/300 | best_fit=0.01191  avg_fit=0.54081 | best_h=39  avg_h=38.9
[  38.09 min] Gen 171/300 | best_fit=0.01191  avg_fit=0.58848 | best_h=39  avg_h=39.0
[  38.32 min] Gen 172/300 | best_fit=0.01107  avg_fit=0.14971 | best_h=39  avg_h=38.6
[  38.55 min] Gen 173/300 | best_fit=0.01107  avg_fit=0.65854 | best_h=39  avg_h=38.6
[  38.79 min] Gen 174/300 | best_fit=0.01107  avg_fit=2.88297 | best_h=39  avg_h=38.4
[  39.00 min] Gen 175/300 | best_fit=0.01107  avg_fit=0.84989 | best_h=39  avg_h=38.6
[  39.24 min] Gen 176/300 | best_fit=0.01030  avg_fit=1.64227 | best_h=39  avg_h=38.3
[  39.49 min] Gen 177/300 | best_fit=0.01030  avg_fit=0.66090 | best_h=39  avg_h=38.4
[  39.73 min] Gen 178/300 | best_fit=0.01026  avg_fit=0.76996 | best_h=39  avg_h=38.3
[  39.98 min] Gen 179/300 | best_fit=0.01026  avg_fit=1.04809 | best_h=39  avg_h=38.3
[  40.23 min] Gen 180/300 | best_fit=0.01026  avg_fit=1.66482 | best_h=39  avg_h=38.5
[  40.48 min] Gen 181/300 | best_fit=0.00953  avg_fit=1.46948 | best_h=39  avg_h=38.5
[  40.73 min] Gen 182/300 | best_fit=0.00953  avg_fit=0.49380 | best_h=39  avg_h=38.6
[  40.98 min] Gen 183/300 | best_fit=0.00953  avg_fit=0.85560 | best_h=39  avg_h=38.9
[  41.23 min] Gen 184/300 | best_fit=0.00953  avg_fit=0.84832 | best_h=39  avg_h=38.7
[  41.48 min] Gen 185/300 | best_fit=0.00889  avg_fit=0.04707 | best_h=39  avg_h=38.5
[  41.73 min] Gen 186/300 | best_fit=0.00889  avg_fit=0.98387 | best_h=39  avg_h=38.2
[  41.98 min] Gen 187/300 | best_fit=0.00889  avg_fit=0.36598 | best_h=39  avg_h=38.8
[  42.25 min] Gen 188/300 | best_fit=0.00835  avg_fit=1.32977 | best_h=39  avg_h=38.7
[  42.52 min] Gen 189/300 | best_fit=0.00835  avg_fit=2.21505 | best_h=39  avg_h=38.8
[  42.80 min] Gen 190/300 | best_fit=0.00835  avg_fit=1.46443 | best_h=39  avg_h=38.8
[  43.07 min] Gen 191/300 | best_fit=0.00835  avg_fit=5.55712 | best_h=39  avg_h=38.6
[  43.33 min] Gen 192/300 | best_fit=0.00835  avg_fit=0.44283 | best_h=39  avg_h=38.5
[  43.57 min] Gen 193/300 | best_fit=0.00779  avg_fit=0.03920 | best_h=39  avg_h=38.6
[  43.84 min] Gen 194/300 | best_fit=0.00779  avg_fit=2.14672 | best_h=39  avg_h=38.5
[  44.10 min] Gen 195/300 | best_fit=0.00779  avg_fit=5.42655 | best_h=39  avg_h=38.4
[  44.37 min] Gen 196/300 | best_fit=0.00779  avg_fit=9.55297 | best_h=39  avg_h=38.9
[  44.63 min] Gen 197/300 | best_fit=0.00779  avg_fit=2.12236 | best_h=39  avg_h=38.2
[  44.86 min] Gen 198/300 | best_fit=0.00737  avg_fit=1.85326 | best_h=39  avg_h=38.6
[  45.08 min] Gen 199/300 | best_fit=0.00737  avg_fit=7.37841 | best_h=39  avg_h=38.8
[  45.31 min] Gen 200/300 | best_fit=0.00737  avg_fit=1.42254 | best_h=39  avg_h=38.4
[  45.54 min] Gen 201/300 | best_fit=0.00737  avg_fit=0.91401 | best_h=39  avg_h=38.6
[  45.78 min] Gen 202/300 | best_fit=0.00737  avg_fit=0.09495 | best_h=39  avg_h=38.6
[  46.02 min] Gen 203/300 | best_fit=0.00696  avg_fit=0.17673 | best_h=39  avg_h=38.5
[  46.27 min] Gen 204/300 | best_fit=0.00696  avg_fit=0.23332 | best_h=39  avg_h=38.8
[  46.49 min] Gen 205/300 | best_fit=0.00696  avg_fit=2.14796 | best_h=39  avg_h=38.7
[  46.73 min] Gen 206/300 | best_fit=0.00696  avg_fit=2.06951 | best_h=39  avg_h=38.3
[  46.99 min] Gen 207/300 | best_fit=0.00696  avg_fit=2.12282 | best_h=39  avg_h=38.6
[  47.27 min] Gen 208/300 | best_fit=0.00696  avg_fit=0.42368 | best_h=39  avg_h=38.2
[  47.56 min] Gen 209/300 | best_fit=0.00660  avg_fit=3.24917 | best_h=39  avg_h=38.6
[  47.85 min] Gen 210/300 | best_fit=0.00660  avg_fit=0.46155 | best_h=39  avg_h=38.1
[  48.12 min] Gen 211/300 | best_fit=0.00660  avg_fit=0.13526 | best_h=39  avg_h=38.5
[  48.39 min] Gen 212/300 | best_fit=0.00622  avg_fit=0.22802 | best_h=39  avg_h=39.0
[  48.65 min] Gen 213/300 | best_fit=0.00622  avg_fit=4.69120 | best_h=39  avg_h=38.9
[  48.91 min] Gen 214/300 | best_fit=0.00622  avg_fit=0.32923 | best_h=39  avg_h=38.6
[  49.19 min] Gen 215/300 | best_fit=0.00581  avg_fit=0.34805 | best_h=39  avg_h=38.3
[  49.46 min] Gen 216/300 | best_fit=0.00581  avg_fit=0.76052 | best_h=39  avg_h=38.6
[  49.75 min] Gen 217/300 | best_fit=0.00581  avg_fit=0.22032 | best_h=39  avg_h=38.7
[  50.03 min] Gen 218/300 | best_fit=0.00581  avg_fit=4.57753 | best_h=39  avg_h=38.2
[  50.33 min] Gen 219/300 | best_fit=0.00581  avg_fit=0.38378 | best_h=39  avg_h=38.6
[  50.61 min] Gen 220/300 | best_fit=0.00543  avg_fit=0.48761 | best_h=39  avg_h=38.7
[  50.88 min] Gen 221/300 | best_fit=0.00543  avg_fit=0.82124 | best_h=39  avg_h=38.7
[  51.14 min] Gen 222/300 | best_fit=0.00543  avg_fit=2.43298 | best_h=39  avg_h=38.5
[  51.41 min] Gen 223/300 | best_fit=0.00543  avg_fit=0.29851 | best_h=39  avg_h=38.3
[  51.68 min] Gen 224/300 | best_fit=0.00502  avg_fit=0.10229 | best_h=39  avg_h=38.6
[  51.94 min] Gen 225/300 | best_fit=0.00501  avg_fit=0.53291 | best_h=39  avg_h=38.3
[  52.20 min] Gen 226/300 | best_fit=0.00470  avg_fit=0.67378 | best_h=39  avg_h=38.8
[  52.44 min] Gen 227/300 | best_fit=0.00470  avg_fit=1.14177 | best_h=39  avg_h=38.9
[  52.69 min] Gen 228/300 | best_fit=0.00470  avg_fit=1.14952 | best_h=39  avg_h=38.4
[  52.90 min] Gen 229/300 | best_fit=0.00470  avg_fit=0.98730 | best_h=39  avg_h=38.5
[  53.13 min] Gen 230/300 | best_fit=0.00437  avg_fit=0.03020 | best_h=39  avg_h=38.5
[  53.36 min] Gen 231/300 | best_fit=0.00437  avg_fit=0.85395 | best_h=39  avg_h=38.6
[  53.59 min] Gen 232/300 | best_fit=0.00437  avg_fit=0.19786 | best_h=39  avg_h=38.9
[  53.82 min] Gen 233/300 | best_fit=0.00409  avg_fit=0.07468 | best_h=39  avg_h=38.9
[  54.05 min] Gen 234/300 | best_fit=0.00409  avg_fit=0.15463 | best_h=39  avg_h=38.8
[  54.31 min] Gen 235/300 | best_fit=0.00409  avg_fit=0.59966 | best_h=39  avg_h=38.2
[  54.65 min] Gen 236/300 | best_fit=0.00409  avg_fit=1.56128 | best_h=39  avg_h=38.8
[  54.91 min] Gen 237/300 | best_fit=0.00386  avg_fit=0.24786 | best_h=39  avg_h=38.5
[  55.19 min] Gen 238/300 | best_fit=0.00386  avg_fit=0.59084 | best_h=39  avg_h=38.5
[  55.46 min] Gen 239/300 | best_fit=0.00386  avg_fit=0.28052 | best_h=39  avg_h=38.6
[  55.72 min] Gen 240/300 | best_fit=0.00386  avg_fit=2.00974 | best_h=39  avg_h=38.6
[  56.00 min] Gen 241/300 | best_fit=0.00365  avg_fit=0.18092 | best_h=39  avg_h=38.9
[  56.28 min] Gen 242/300 | best_fit=0.00365  avg_fit=0.25397 | best_h=39  avg_h=38.7
[  56.55 min] Gen 243/300 | best_fit=0.00365  avg_fit=0.41312 | best_h=39  avg_h=38.6
[  56.83 min] Gen 244/300 | best_fit=0.00365  avg_fit=0.84417 | best_h=39  avg_h=38.0
[  57.10 min] Gen 245/300 | best_fit=0.00361  avg_fit=0.77346 | best_h=39  avg_h=38.2
[  57.36 min] Gen 246/300 | best_fit=0.00360  avg_fit=0.22199 | best_h=39  avg_h=38.9
[  57.57 min] Gen 247/300 | best_fit=0.00360  avg_fit=0.68571 | best_h=39  avg_h=39.0
[  57.75 min] Gen 248/300 | best_fit=0.00346  avg_fit=4.36398 | best_h=39  avg_h=38.6
[  57.95 min] Gen 249/300 | best_fit=0.00346  avg_fit=0.93301 | best_h=39  avg_h=38.7
[  58.14 min] Gen 250/300 | best_fit=0.00346  avg_fit=1.69418 | best_h=39  avg_h=38.9
[  58.32 min] Gen 251/300 | best_fit=0.00346  avg_fit=0.44638 | best_h=39  avg_h=38.8
[  58.52 min] Gen 252/300 | best_fit=0.00326  avg_fit=1.08720 | best_h=39  avg_h=38.8
[  58.74 min] Gen 253/300 | best_fit=0.00326  avg_fit=0.14625 | best_h=39  avg_h=38.9
[  59.01 min] Gen 254/300 | best_fit=0.00326  avg_fit=0.44237 | best_h=39  avg_h=38.5
[  59.25 min] Gen 255/300 | best_fit=0.00326  avg_fit=0.30587 | best_h=39  avg_h=38.7
[  59.50 min] Gen 256/300 | best_fit=0.00304  avg_fit=0.03507 | best_h=39  avg_h=38.6
[  59.70 min] Gen 257/300 | best_fit=0.00304  avg_fit=1.96874 | best_h=39  avg_h=38.8
[  59.89 min] Gen 258/300 | best_fit=0.00304  avg_fit=2.15443 | best_h=39  avg_h=38.7
[  60.08 min] Gen 259/300 | best_fit=0.00283  avg_fit=1.91409 | best_h=39  avg_h=38.6
[  60.30 min] Gen 260/300 | best_fit=0.00283  avg_fit=0.22558 | best_h=39  avg_h=38.5
[  60.50 min] Gen 261/300 | best_fit=0.00283  avg_fit=9.89635 | best_h=39  avg_h=38.5
[  60.69 min] Gen 262/300 | best_fit=0.00265  avg_fit=0.03968 | best_h=39  avg_h=38.6
[  60.89 min] Gen 263/300 | best_fit=0.00265  avg_fit=0.29965 | best_h=39  avg_h=38.9
[  61.11 min] Gen 264/300 | best_fit=0.00265  avg_fit=8.79210 | best_h=39  avg_h=38.0
[  61.33 min] Gen 265/300 | best_fit=0.00265  avg_fit=2.47267 | best_h=39  avg_h=38.8
[  61.53 min] Gen 266/300 | best_fit=0.00265  avg_fit=3.32537 | best_h=39  avg_h=38.4
[  61.71 min] Gen 267/300 | best_fit=0.00245  avg_fit=3.73178 | best_h=39  avg_h=38.3
[  61.90 min] Gen 268/300 | best_fit=0.00245  avg_fit=8.69957 | best_h=39  avg_h=38.5
[  62.09 min] Gen 269/300 | best_fit=0.00245  avg_fit=4.78808 | best_h=39  avg_h=38.4
[  62.31 min] Gen 270/300 | best_fit=0.00245  avg_fit=10.51462 | best_h=39  avg_h=38.3
[  62.50 min] Gen 271/300 | best_fit=0.00229  avg_fit=2.54770 | best_h=39  avg_h=38.3
[  62.69 min] Gen 272/300 | best_fit=0.00229  avg_fit=1.18022 | best_h=39  avg_h=38.7
[  62.88 min] Gen 273/300 | best_fit=0.00229  avg_fit=0.18321 | best_h=39  avg_h=38.7
[  63.07 min] Gen 274/300 | best_fit=0.00213  avg_fit=0.42405 | best_h=39  avg_h=38.8
[  63.25 min] Gen 275/300 | best_fit=0.00213  avg_fit=0.24772 | best_h=39  avg_h=39.0
[  63.47 min] Gen 276/300 | best_fit=0.00213  avg_fit=0.08869 | best_h=39  avg_h=38.6
[  63.71 min] Gen 277/300 | best_fit=0.00199  avg_fit=12.30853 | best_h=39  avg_h=38.5
[  63.94 min] Gen 278/300 | best_fit=0.00199  avg_fit=3.30889 | best_h=39  avg_h=38.8
[  64.18 min] Gen 279/300 | best_fit=0.00199  avg_fit=0.69698 | best_h=39  avg_h=38.9
[  64.43 min] Gen 280/300 | best_fit=0.00199  avg_fit=0.46773 | best_h=39  avg_h=39.0
[  64.67 min] Gen 281/300 | best_fit=0.00186  avg_fit=11.50092 | best_h=39  avg_h=38.6
[  64.91 min] Gen 282/300 | best_fit=0.00186  avg_fit=10.05668 | best_h=39  avg_h=38.4
[  65.16 min] Gen 283/300 | best_fit=0.00186  avg_fit=11.43284 | best_h=39  avg_h=39.1
[  65.42 min] Gen 284/300 | best_fit=0.00186  avg_fit=2.81891 | best_h=39  avg_h=38.6
[  65.68 min] Gen 285/300 | best_fit=0.00186  avg_fit=0.75753 | best_h=39  avg_h=38.6
[  65.93 min] Gen 286/300 | best_fit=0.00186  avg_fit=0.26111 | best_h=39  avg_h=38.8
[  66.19 min] Gen 287/300 | best_fit=0.00173  avg_fit=0.03285 | best_h=39  avg_h=38.5
[  66.44 min] Gen 288/300 | best_fit=0.00173  avg_fit=0.81162 | best_h=39  avg_h=38.9
[  66.69 min] Gen 289/300 | best_fit=0.00173  avg_fit=4.78263 | best_h=39  avg_h=38.5
[  66.94 min] Gen 290/300 | best_fit=0.00173  avg_fit=0.36430 | best_h=39  avg_h=38.9
[  67.19 min] Gen 291/300 | best_fit=0.00162  avg_fit=0.59662 | best_h=39  avg_h=38.6
[  67.42 min] Gen 292/300 | best_fit=0.00162  avg_fit=5.42018 | best_h=39  avg_h=38.6
[  67.66 min] Gen 293/300 | best_fit=0.00162  avg_fit=3.02645 | best_h=39  avg_h=39.0
[  67.89 min] Gen 294/300 | best_fit=0.00162  avg_fit=2.37812 | best_h=39  avg_h=38.4
[  68.14 min] Gen 295/300 | best_fit=0.00162  avg_fit=0.01516 | best_h=39  avg_h=38.7
[  68.37 min] Gen 296/300 | best_fit=0.00162  avg_fit=0.57284 | best_h=39  avg_h=38.4
[  68.60 min] Gen 297/300 | best_fit=0.00162  avg_fit=0.16921 | best_h=39  avg_h=38.4
[  68.83 min] Gen 298/300 | best_fit=0.00162  avg_fit=0.00980 | best_h=39  avg_h=38.9
[  69.08 min] Gen 299/300 | best_fit=0.00162  avg_fit=0.16664 | best_h=39  avg_h=38.7
[  69.33 min] Gen 300/300 | best_fit=0.00162  avg_fit=0.01459 | best_h=39  avg_h=38.7
DONE TRAINING
best_net hidden_size=39 fitness=0.00162
SAVED RESULTS to results/evonet_run_a05_h75.pkl
