device: cpu
train size:	8500
val size:	1500
[   0.56 min] Gen   1/100 | best_fit=4.50077  avg_fit=4.96501 | best_h=100  avg_h=99.5
[   0.81 min] Gen   2/100 | best_fit=3.67534  avg_fit=4.59019 | best_h=97  avg_h=99.5
[   1.07 min] Gen   3/100 | best_fit=3.43257  avg_fit=4.06925 | best_h=99  avg_h=98.3
[   1.33 min] Gen   4/100 | best_fit=2.79653  avg_fit=3.60043 | best_h=96  avg_h=97.1
[   1.57 min] Gen   5/100 | best_fit=2.56233  avg_fit=3.23429 | best_h=94  avg_h=96.2
[   1.81 min] Gen   6/100 | best_fit=2.14171  avg_fit=2.79730 | best_h=96  avg_h=94.6
[   2.05 min] Gen   7/100 | best_fit=1.62632  avg_fit=2.47957 | best_h=89  avg_h=93.1
[   2.29 min] Gen   8/100 | best_fit=1.16690  avg_fit=1.97766 | best_h=88  avg_h=90.9
[   2.52 min] Gen   9/100 | best_fit=0.86404  avg_fit=1.49232 | best_h=88  avg_h=88.3
[   2.74 min] Gen  10/100 | best_fit=0.78001  avg_fit=1.26785 | best_h=92  avg_h=87.7
[   2.97 min] Gen  11/100 | best_fit=0.65989  avg_fit=1.06422 | best_h=88  avg_h=88.4
[   3.19 min] Gen  12/100 | best_fit=0.50781  avg_fit=0.84022 | best_h=91  avg_h=88.8
[   3.42 min] Gen  13/100 | best_fit=0.45141  avg_fit=0.92551 | best_h=91  avg_h=88.0
[   3.64 min] Gen  14/100 | best_fit=0.43548  avg_fit=0.73928 | best_h=88  avg_h=88.5
[   3.87 min] Gen  15/100 | best_fit=0.38461  avg_fit=0.46513 | best_h=88  avg_h=89.8
[   4.10 min] Gen  16/100 | best_fit=0.38461  avg_fit=0.59618 | best_h=88  avg_h=88.8
[   4.33 min] Gen  17/100 | best_fit=0.35692  avg_fit=0.85101 | best_h=82  avg_h=88.8
[   4.55 min] Gen  18/100 | best_fit=0.35692  avg_fit=0.63003 | best_h=82  avg_h=87.0
[   4.80 min] Gen  19/100 | best_fit=0.34905  avg_fit=0.57617 | best_h=88  avg_h=85.2
[   5.05 min] Gen  20/100 | best_fit=0.34255  avg_fit=0.55460 | best_h=75  avg_h=83.0
[   5.38 min] Gen  21/100 | best_fit=0.31615  avg_fit=0.73073 | best_h=82  avg_h=83.4
[   5.64 min] Gen  22/100 | best_fit=0.31199  avg_fit=0.51871 | best_h=81  avg_h=82.5
[   5.84 min] Gen  23/100 | best_fit=0.28032  avg_fit=0.62353 | best_h=81  avg_h=81.9
[   6.06 min] Gen  24/100 | best_fit=0.28032  avg_fit=0.76368 | best_h=81  avg_h=80.2
[   6.26 min] Gen  25/100 | best_fit=0.25343  avg_fit=2.04377 | best_h=81  avg_h=80.8
[   6.44 min] Gen  26/100 | best_fit=0.23535  avg_fit=0.98199 | best_h=80  avg_h=80.4
[   6.63 min] Gen  27/100 | best_fit=0.22105  avg_fit=2.75171 | best_h=79  avg_h=80.4
[   6.84 min] Gen  28/100 | best_fit=0.22105  avg_fit=2.65768 | best_h=79  avg_h=79.9
[   7.13 min] Gen  29/100 | best_fit=0.21073  avg_fit=1.11082 | best_h=78  avg_h=78.8
[   7.41 min] Gen  30/100 | best_fit=0.20044  avg_fit=0.38950 | best_h=76  avg_h=78.2
[   7.63 min] Gen  31/100 | best_fit=0.18632  avg_fit=0.21927 | best_h=75  avg_h=77.8
[   7.86 min] Gen  32/100 | best_fit=0.17253  avg_fit=0.29300 | best_h=75  avg_h=76.0
[   8.10 min] Gen  33/100 | best_fit=0.14727  avg_fit=0.30633 | best_h=73  avg_h=74.8
[   8.31 min] Gen  34/100 | best_fit=0.14727  avg_fit=0.95866 | best_h=73  avg_h=74.1
[   8.54 min] Gen  35/100 | best_fit=0.13593  avg_fit=0.16751 | best_h=72  avg_h=72.5
[   8.76 min] Gen  36/100 | best_fit=0.13593  avg_fit=0.16740 | best_h=72  avg_h=72.3
[   9.15 min] Gen  37/100 | best_fit=0.13593  avg_fit=0.97408 | best_h=72  avg_h=72.2
[   9.36 min] Gen  38/100 | best_fit=0.12581  avg_fit=0.62463 | best_h=72  avg_h=72.0
[   9.56 min] Gen  39/100 | best_fit=0.12581  avg_fit=0.33750 | best_h=72  avg_h=71.5
[   9.81 min] Gen  40/100 | best_fit=0.12200  avg_fit=0.67545 | best_h=70  avg_h=71.3
[  10.05 min] Gen  41/100 | best_fit=0.11580  avg_fit=0.27473 | best_h=72  avg_h=70.8
[  10.29 min] Gen  42/100 | best_fit=0.11580  avg_fit=0.49817 | best_h=72  avg_h=70.5
[  10.51 min] Gen  43/100 | best_fit=0.11250  avg_fit=1.34632 | best_h=70  avg_h=70.1
[  10.73 min] Gen  44/100 | best_fit=0.10659  avg_fit=0.12564 | best_h=72  avg_h=70.7
[  10.97 min] Gen  45/100 | best_fit=0.10659  avg_fit=0.48098 | best_h=72  avg_h=70.6
[  11.18 min] Gen  46/100 | best_fit=0.09813  avg_fit=0.50180 | best_h=72  avg_h=71.1
[  11.39 min] Gen  47/100 | best_fit=0.09515  avg_fit=2.92588 | best_h=70  avg_h=70.7
[  11.60 min] Gen  48/100 | best_fit=0.08798  avg_fit=1.11531 | best_h=70  avg_h=71.1
[  11.83 min] Gen  49/100 | best_fit=0.08798  avg_fit=1.18816 | best_h=70  avg_h=70.5
[  12.08 min] Gen  50/100 | best_fit=0.08660  avg_fit=0.16686 | best_h=69  avg_h=69.6
[  12.31 min] Gen  51/100 | best_fit=0.07986  avg_fit=0.12427 | best_h=69  avg_h=69.6
[  12.56 min] Gen  52/100 | best_fit=0.07986  avg_fit=0.30806 | best_h=69  avg_h=69.2
[  12.79 min] Gen  53/100 | best_fit=0.07435  avg_fit=0.08692 | best_h=69  avg_h=68.6
[  13.02 min] Gen  54/100 | best_fit=0.07135  avg_fit=0.22371 | best_h=68  avg_h=68.6
[  13.22 min] Gen  55/100 | best_fit=0.06184  avg_fit=0.53980 | best_h=67  avg_h=68.1
[  13.45 min] Gen  56/100 | best_fit=0.06184  avg_fit=0.30450 | best_h=67  avg_h=67.9
[  13.69 min] Gen  57/100 | best_fit=0.05986  avg_fit=0.49847 | best_h=67  avg_h=67.3
[  13.91 min] Gen  58/100 | best_fit=0.05756  avg_fit=0.13353 | best_h=67  avg_h=66.8
[  14.16 min] Gen  59/100 | best_fit=0.05756  avg_fit=0.27018 | best_h=67  avg_h=66.8
[  14.39 min] Gen  60/100 | best_fit=0.05582  avg_fit=0.16423 | best_h=67  avg_h=66.9
[  14.60 min] Gen  61/100 | best_fit=0.05195  avg_fit=0.39450 | best_h=66  avg_h=66.6
[  14.82 min] Gen  62/100 | best_fit=0.05195  avg_fit=0.07257 | best_h=66  avg_h=66.2
[  15.04 min] Gen  63/100 | best_fit=0.04782  avg_fit=0.17670 | best_h=66  avg_h=65.5
[  15.27 min] Gen  64/100 | best_fit=0.04782  avg_fit=0.95109 | best_h=66  avg_h=66.0
[  15.49 min] Gen  65/100 | best_fit=0.04622  avg_fit=0.29284 | best_h=64  avg_h=65.8
[  15.70 min] Gen  66/100 | best_fit=0.04282  avg_fit=0.15964 | best_h=64  avg_h=65.9
[  15.91 min] Gen  67/100 | best_fit=0.04282  avg_fit=0.19020 | best_h=64  avg_h=64.9
[  16.10 min] Gen  68/100 | best_fit=0.03834  avg_fit=0.05328 | best_h=63  avg_h=63.8
[  16.33 min] Gen  69/100 | best_fit=0.03551  avg_fit=0.21826 | best_h=63  avg_h=63.6
[  16.54 min] Gen  70/100 | best_fit=0.03065  avg_fit=0.37517 | best_h=63  avg_h=63.3
[  16.76 min] Gen  71/100 | best_fit=0.03065  avg_fit=0.43856 | best_h=63  avg_h=62.9
[  16.98 min] Gen  72/100 | best_fit=0.02565  avg_fit=0.29309 | best_h=63  avg_h=62.8
[  17.20 min] Gen  73/100 | best_fit=0.02517  avg_fit=0.43071 | best_h=62  avg_h=62.8
[  17.42 min] Gen  74/100 | best_fit=0.02419  avg_fit=1.37615 | best_h=62  avg_h=62.6
[  17.66 min] Gen  75/100 | best_fit=0.02419  avg_fit=0.82901 | best_h=62  avg_h=61.6
[  17.85 min] Gen  76/100 | best_fit=0.02198  avg_fit=0.27940 | best_h=62  avg_h=61.6
[  18.08 min] Gen  77/100 | best_fit=0.02198  avg_fit=0.45560 | best_h=62  avg_h=61.4
[  18.30 min] Gen  78/100 | best_fit=0.02198  avg_fit=0.44776 | best_h=62  avg_h=61.9
[  18.51 min] Gen  79/100 | best_fit=0.01937  avg_fit=0.17387 | best_h=62  avg_h=61.5
[  18.75 min] Gen  80/100 | best_fit=0.01937  avg_fit=0.52531 | best_h=62  avg_h=61.6
[  19.00 min] Gen  81/100 | best_fit=0.01937  avg_fit=0.16221 | best_h=62  avg_h=61.8
[  19.20 min] Gen  82/100 | best_fit=0.01631  avg_fit=0.19927 | best_h=62  avg_h=61.6
[  19.43 min] Gen  83/100 | best_fit=0.01606  avg_fit=0.77605 | best_h=61  avg_h=61.8
[  19.70 min] Gen  84/100 | best_fit=0.01606  avg_fit=0.47364 | best_h=61  avg_h=61.5
[  19.89 min] Gen  85/100 | best_fit=0.01606  avg_fit=0.71292 | best_h=61  avg_h=60.9
[  20.09 min] Gen  86/100 | best_fit=0.01373  avg_fit=0.09113 | best_h=61  avg_h=60.7
[  20.29 min] Gen  87/100 | best_fit=0.01373  avg_fit=0.36496 | best_h=61  avg_h=61.1
[  20.53 min] Gen  88/100 | best_fit=0.01152  avg_fit=0.08196 | best_h=61  avg_h=61.1
[  20.77 min] Gen  89/100 | best_fit=0.01152  avg_fit=0.11885 | best_h=61  avg_h=61.2
[  20.97 min] Gen  90/100 | best_fit=0.01131  avg_fit=0.23570 | best_h=60  avg_h=61.1
[  21.18 min] Gen  91/100 | best_fit=0.01067  avg_fit=0.45283 | best_h=60  avg_h=60.8
[  21.38 min] Gen  92/100 | best_fit=0.01067  avg_fit=0.20052 | best_h=60  avg_h=59.8
[  21.58 min] Gen  93/100 | best_fit=0.00969  avg_fit=0.21313 | best_h=60  avg_h=60.1
[  21.78 min] Gen  94/100 | best_fit=0.00969  avg_fit=0.16297 | best_h=60  avg_h=59.4
[  22.01 min] Gen  95/100 | best_fit=0.00969  avg_fit=0.40991 | best_h=60  avg_h=59.6
[  22.24 min] Gen  96/100 | best_fit=0.00873  avg_fit=0.11647 | best_h=60  avg_h=59.6
[  22.48 min] Gen  97/100 | best_fit=0.00873  avg_fit=0.16714 | best_h=60  avg_h=59.7
[  22.72 min] Gen  98/100 | best_fit=0.00766  avg_fit=0.48710 | best_h=60  avg_h=60.1
[  22.93 min] Gen  99/100 | best_fit=0.00766  avg_fit=0.14146 | best_h=60  avg_h=59.4
[  23.19 min] Gen 100/100 | best_fit=0.00766  avg_fit=0.17414 | best_h=60  avg_h=60.1
DONE TRAINING
best_net hidden_size=60 fitness=0.00766
SAVED RESULTS to results/evonet_run_a10.pkl
