device: cpu
train size:	8500
val size:	1500
[   0.62 min] Gen   1/100 | best_fit=2.21039  avg_fit=2.44318 | best_h=100  avg_h=99.2
[   0.89 min] Gen   2/100 | best_fit=1.78466  avg_fit=2.26879 | best_h=98  avg_h=99.4
[   1.15 min] Gen   3/100 | best_fit=1.66660  avg_fit=1.89519 | best_h=105  avg_h=98.5
[   1.41 min] Gen   4/100 | best_fit=1.27994  avg_fit=1.74962 | best_h=104  avg_h=98.8
[   1.68 min] Gen   5/100 | best_fit=1.27994  avg_fit=1.62625 | best_h=104  avg_h=100.9
[   1.96 min] Gen   6/100 | best_fit=1.02072  avg_fit=1.35139 | best_h=97  avg_h=99.3
[   2.22 min] Gen   7/100 | best_fit=0.68239  avg_fit=1.12987 | best_h=97  avg_h=98.6
[   2.47 min] Gen   8/100 | best_fit=0.46851  avg_fit=0.92536 | best_h=97  avg_h=98.4
[   2.73 min] Gen   9/100 | best_fit=0.46249  avg_fit=0.68088 | best_h=94  avg_h=97.5
[   2.98 min] Gen  10/100 | best_fit=0.33817  avg_fit=0.56533 | best_h=92  avg_h=95.4
[   3.22 min] Gen  11/100 | best_fit=0.33111  avg_fit=0.47350 | best_h=93  avg_h=93.7
[   3.47 min] Gen  12/100 | best_fit=0.32168  avg_fit=0.40790 | best_h=92  avg_h=92.6
[   3.72 min] Gen  13/100 | best_fit=0.25367  avg_fit=0.36349 | best_h=92  avg_h=92.8
[   3.96 min] Gen  14/100 | best_fit=0.24355  avg_fit=0.32573 | best_h=91  avg_h=92.0
[   4.20 min] Gen  15/100 | best_fit=0.19873  avg_fit=0.42541 | best_h=90  avg_h=91.2
[   4.44 min] Gen  16/100 | best_fit=0.19873  avg_fit=0.23895 | best_h=90  avg_h=90.5
[   4.68 min] Gen  17/100 | best_fit=0.19639  avg_fit=0.22725 | best_h=89  avg_h=89.6
[   4.91 min] Gen  18/100 | best_fit=0.17736  avg_fit=0.21570 | best_h=89  avg_h=89.4
[   5.16 min] Gen  19/100 | best_fit=0.17370  avg_fit=0.24722 | best_h=90  avg_h=89.0
[   6.78 min] Gen  20/100 | best_fit=0.15964  avg_fit=0.27650 | best_h=88  avg_h=88.7
[   7.02 min] Gen  21/100 | best_fit=0.15027  avg_fit=0.33076 | best_h=85  avg_h=88.2
[   7.25 min] Gen  22/100 | best_fit=0.15027  avg_fit=0.30379 | best_h=85  avg_h=87.3
[   7.48 min] Gen  23/100 | best_fit=0.14713  avg_fit=0.16623 | best_h=82  avg_h=86.6
[   7.71 min] Gen  24/100 | best_fit=0.13965  avg_fit=0.19345 | best_h=82  avg_h=84.7
[   7.94 min] Gen  25/100 | best_fit=0.13834  avg_fit=0.23946 | best_h=79  avg_h=83.2
[   8.19 min] Gen  26/100 | best_fit=0.13191  avg_fit=0.17414 | best_h=78  avg_h=81.1
[   8.43 min] Gen  27/100 | best_fit=0.12853  avg_fit=0.44094 | best_h=78  avg_h=79.3
[   8.65 min] Gen  28/100 | best_fit=0.12752  avg_fit=0.13648 | best_h=77  avg_h=78.3
[   8.85 min] Gen  29/100 | best_fit=0.12660  avg_fit=0.21073 | best_h=77  avg_h=77.6
[   9.01 min] Gen  30/100 | best_fit=0.12327  avg_fit=0.16925 | best_h=75  avg_h=77.0
[   9.16 min] Gen  31/100 | best_fit=0.11902  avg_fit=0.17800 | best_h=73  avg_h=76.3
[   9.36 min] Gen  32/100 | best_fit=0.11599  avg_fit=0.14229 | best_h=70  avg_h=74.9
[   9.57 min] Gen  33/100 | best_fit=0.10989  avg_fit=0.19342 | best_h=68  avg_h=72.7
[   9.74 min] Gen  34/100 | best_fit=0.10822  avg_fit=0.33455 | best_h=67  avg_h=70.5
[   9.90 min] Gen  35/100 | best_fit=0.10434  avg_fit=0.11976 | best_h=65  avg_h=68.1
[  10.06 min] Gen  36/100 | best_fit=0.10405  avg_fit=0.11408 | best_h=65  avg_h=66.7
[  10.19 min] Gen  37/100 | best_fit=0.10405  avg_fit=0.33260 | best_h=65  avg_h=66.3
[  10.31 min] Gen  38/100 | best_fit=0.10242  avg_fit=0.19027 | best_h=64  avg_h=65.1
[  10.42 min] Gen  39/100 | best_fit=0.10119  avg_fit=0.18896 | best_h=63  avg_h=64.4
[  10.54 min] Gen  40/100 | best_fit=0.10019  avg_fit=0.34648 | best_h=63  avg_h=64.1
[  10.70 min] Gen  41/100 | best_fit=0.09846  avg_fit=0.14498 | best_h=62  avg_h=63.2
[  10.90 min] Gen  42/100 | best_fit=0.09555  avg_fit=0.15005 | best_h=60  avg_h=62.2
[  11.06 min] Gen  43/100 | best_fit=0.09231  avg_fit=0.11147 | best_h=58  avg_h=61.0
[  11.21 min] Gen  44/100 | best_fit=0.09231  avg_fit=0.13349 | best_h=58  avg_h=59.5
[  11.35 min] Gen  45/100 | best_fit=0.09178  avg_fit=0.30725 | best_h=58  avg_h=59.3
[  11.45 min] Gen  46/100 | best_fit=0.09012  avg_fit=0.09971 | best_h=57  avg_h=58.0
[  11.59 min] Gen  47/100 | best_fit=0.08683  avg_fit=0.12220 | best_h=55  avg_h=57.0
[  11.83 min] Gen  48/100 | best_fit=0.08642  avg_fit=0.13991 | best_h=55  avg_h=56.0
[  12.02 min] Gen  49/100 | best_fit=0.08642  avg_fit=0.17557 | best_h=55  avg_h=55.1
[  12.19 min] Gen  50/100 | best_fit=0.08510  avg_fit=0.14488 | best_h=54  avg_h=54.4
[  12.33 min] Gen  51/100 | best_fit=0.08489  avg_fit=0.13417 | best_h=54  avg_h=54.6
[  12.45 min] Gen  52/100 | best_fit=0.08487  avg_fit=0.14367 | best_h=54  avg_h=53.9
[  12.54 min] Gen  53/100 | best_fit=0.08148  avg_fit=0.09456 | best_h=52  avg_h=53.9
[  12.65 min] Gen  54/100 | best_fit=0.08119  avg_fit=0.63357 | best_h=52  avg_h=52.6
[  12.78 min] Gen  55/100 | best_fit=0.08119  avg_fit=0.19200 | best_h=52  avg_h=51.8
[  12.93 min] Gen  56/100 | best_fit=0.07951  avg_fit=0.22505 | best_h=51  avg_h=51.6
[  13.10 min] Gen  57/100 | best_fit=0.07793  avg_fit=0.26952 | best_h=50  avg_h=51.4
[  13.24 min] Gen  58/100 | best_fit=0.07786  avg_fit=0.10003 | best_h=50  avg_h=50.9
[  13.36 min] Gen  59/100 | best_fit=0.07624  avg_fit=0.21490 | best_h=49  avg_h=50.5
[  13.47 min] Gen  60/100 | best_fit=0.07585  avg_fit=0.08405 | best_h=48  avg_h=49.5
[  13.61 min] Gen  61/100 | best_fit=0.07467  avg_fit=0.09774 | best_h=48  avg_h=48.9
[  13.78 min] Gen  62/100 | best_fit=0.07418  avg_fit=0.11155 | best_h=45  avg_h=47.7
[  13.96 min] Gen  63/100 | best_fit=0.07044  avg_fit=0.13313 | best_h=45  avg_h=47.1
[  14.14 min] Gen  64/100 | best_fit=0.07044  avg_fit=0.10226 | best_h=45  avg_h=47.2
[  14.30 min] Gen  65/100 | best_fit=0.06924  avg_fit=0.23277 | best_h=44  avg_h=45.5
[  14.47 min] Gen  66/100 | best_fit=0.06797  avg_fit=0.15229 | best_h=44  avg_h=44.6
[  14.64 min] Gen  67/100 | best_fit=0.06481  avg_fit=0.15537 | best_h=43  avg_h=43.8
[  14.82 min] Gen  68/100 | best_fit=0.06446  avg_fit=0.12479 | best_h=42  avg_h=43.9
[  14.96 min] Gen  69/100 | best_fit=0.06289  avg_fit=0.07692 | best_h=41  avg_h=42.3
[  15.10 min] Gen  70/100 | best_fit=0.06225  avg_fit=0.06701 | best_h=41  avg_h=42.0
[  15.24 min] Gen  71/100 | best_fit=0.06225  avg_fit=0.06633 | best_h=41  avg_h=41.5
[  15.40 min] Gen  72/100 | best_fit=0.06212  avg_fit=0.08012 | best_h=41  avg_h=40.9
[  15.52 min] Gen  73/100 | best_fit=0.06212  avg_fit=0.13344 | best_h=41  avg_h=40.7
[  15.62 min] Gen  74/100 | best_fit=0.06212  avg_fit=0.11531 | best_h=41  avg_h=40.7
[  15.71 min] Gen  75/100 | best_fit=0.06212  avg_fit=0.11868 | best_h=41  avg_h=40.1
[  15.78 min] Gen  76/100 | best_fit=0.05977  avg_fit=0.10389 | best_h=40  avg_h=40.8
[  15.86 min] Gen  77/100 | best_fit=0.05977  avg_fit=0.11933 | best_h=40  avg_h=40.3
[  15.95 min] Gen  78/100 | best_fit=0.05977  avg_fit=0.13592 | best_h=40  avg_h=40.1
[  16.08 min] Gen  79/100 | best_fit=0.05774  avg_fit=0.24075 | best_h=39  avg_h=39.7
[  16.24 min] Gen  80/100 | best_fit=0.05577  avg_fit=0.13371 | best_h=39  avg_h=39.2
[  16.40 min] Gen  81/100 | best_fit=0.05577  avg_fit=0.10442 | best_h=39  avg_h=38.8
[  16.57 min] Gen  82/100 | best_fit=0.05413  avg_fit=0.07058 | best_h=38  avg_h=38.9
[  16.75 min] Gen  83/100 | best_fit=0.05330  avg_fit=0.06044 | best_h=38  avg_h=38.4
[  16.91 min] Gen  84/100 | best_fit=0.05147  avg_fit=0.13258 | best_h=38  avg_h=38.5
[  17.08 min] Gen  85/100 | best_fit=0.05147  avg_fit=0.08077 | best_h=38  avg_h=37.9
[  17.24 min] Gen  86/100 | best_fit=0.05016  avg_fit=0.08728 | best_h=38  avg_h=37.6
[  17.40 min] Gen  87/100 | best_fit=0.04887  avg_fit=0.20354 | best_h=37  avg_h=37.4
[  17.57 min] Gen  88/100 | best_fit=0.04887  avg_fit=0.25361 | best_h=37  avg_h=37.1
[  17.73 min] Gen  89/100 | best_fit=0.04826  avg_fit=0.05781 | best_h=36  avg_h=36.5
[  17.89 min] Gen  90/100 | best_fit=0.04698  avg_fit=0.30411 | best_h=36  avg_h=35.5
[  18.05 min] Gen  91/100 | best_fit=0.04698  avg_fit=0.22586 | best_h=36  avg_h=36.2
[  18.21 min] Gen  92/100 | best_fit=0.04698  avg_fit=0.09016 | best_h=36  avg_h=35.7
[  18.37 min] Gen  93/100 | best_fit=0.04534  avg_fit=0.07689 | best_h=36  avg_h=35.3
[  18.53 min] Gen  94/100 | best_fit=0.04534  avg_fit=0.11029 | best_h=36  avg_h=35.4
[  18.69 min] Gen  95/100 | best_fit=0.04534  avg_fit=0.19027 | best_h=36  avg_h=36.2
[  18.85 min] Gen  96/100 | best_fit=0.04431  avg_fit=0.10570 | best_h=35  avg_h=35.5
[  19.01 min] Gen  97/100 | best_fit=0.04409  avg_fit=0.08411 | best_h=36  avg_h=35.8
[  19.17 min] Gen  98/100 | best_fit=0.04409  avg_fit=0.06872 | best_h=36  avg_h=35.3
[  19.33 min] Gen  99/100 | best_fit=0.04409  avg_fit=0.05932 | best_h=36  avg_h=35.1
[  19.49 min] Gen 100/100 | best_fit=0.04316  avg_fit=0.07999 | best_h=36  avg_h=35.5
DONE TRAINING
best_net hidden_size=36 fitness=0.04316
SAVED RESULTS to results/evonet_run.pkl
